# JRE version: OpenJDK Runtime Environment (8.0_151-b12) (build 1.8.0_151-8u151-b12-0ubuntu0.16.04.2-b12)
# Java VM: OpenJDK 64-Bit Server VM (25.151-b12 mixed mode linux-amd64 compressed oops)
Heap:
 garbage-first heap   total 262144K, used 182339K [0x00000000c0000000, 0x00000000c0100800, 0x0000000100000000)
  region size 1024K, 48 young (49152K), 1 survivors (1024K)
 Metaspace       used 133750K, capacity 147212K, committed 147496K, reserved 1177600K
  class space    used 15964K, capacity 19683K, committed 19752K, reserved 1048576K
GC Heap History (10 events):
Event: 252,603 GC heap before
{Heap before GC invocations=59 (full 0):
 garbage-first heap   total 262144K, used 229376K [0x00000000c0000000, 0x00000000c0100800, 0x0000000100000000)
  region size 1024K, 87 young (89088K), 2 survivors (2048K)
 Metaspace       used 132274K, capacity 145694K, committed 145832K, reserved 1175552K
  class space    used 15817K, capacity 19561K, committed 19624K, reserved 1048576K
Event: 252,627 GC heap after
Heap after GC invocations=60 (full 0):
 garbage-first heap   total 262144K, used 142644K [0x00000000c0000000, 0x00000000c0100800, 0x0000000100000000)
  region size 1024K, 3 young (3072K), 3 survivors (3072K)
 Metaspace       used 132274K, capacity 145694K, committed 145832K, reserved 1175552K
  class space    used 15817K, capacity 19561K, committed 19624K, reserved 1048576K
}
Event: 263,890 GC heap before
{Heap before GC invocations=60 (full 0):
 garbage-first heap   total 262144K, used 229684K [0x00000000c0000000, 0x00000000c0100800, 0x0000000100000000)
  region size 1024K, 88 young (90112K), 3 survivors (3072K)
 Metaspace       used 132342K, capacity 145764K, committed 145832K, reserved 1175552K
  class space    used 15819K, capacity 19562K, committed 19624K, reserved 1048576K
Event: 263,910 GC heap after
Heap after GC invocations=61 (full 0):
 garbage-first heap   total 262144K, used 142890K [0x00000000c0000000, 0x00000000c0100800, 0x0000000100000000)
  region size 1024K, 3 young (3072K), 3 survivors (3072K)
 Metaspace       used 132342K, capacity 145764K, committed 145832K, reserved 1175552K
  class space    used 15819K, capacity 19562K, committed 19624K, reserved 1048576K
}
Event: 276,163 GC heap before
{Heap before GC invocations=62 (full 0):
 garbage-first heap   total 262144K, used 227369K [0x00000000c0000000, 0x00000000c0100800, 0x0000000100000000)
  region size 1024K, 88 young (90112K), 3 survivors (3072K)
 Metaspace       used 132350K, capacity 145764K, committed 145832K, reserved 1175552K
  class space    used 15819K, capacity 19562K, committed 19624K, reserved 1048576K
Event: 276,178 GC heap after
Heap after GC invocations=63 (full 0):
 garbage-first heap   total 262144K, used 141230K [0x00000000c0000000, 0x00000000c0100800, 0x0000000100000000)
  region size 1024K, 4 young (4096K), 4 survivors (4096K)
 Metaspace       used 132350K, capacity 145764K, committed 145832K, reserved 1175552K
  class space    used 15819K, capacity 19562K, committed 19624K, reserved 1048576K
}
Event: 276,872 GC heap before
{Heap before GC invocations=63 (full 0):
 garbage-first heap   total 262144K, used 149422K [0x00000000c0000000, 0x00000000c0100800, 0x0000000100000000)
  region size 1024K, 12 young (12288K), 4 survivors (4096K)
 Metaspace       used 132350K, capacity 145764K, committed 145832K, reserved 1175552K
  class space    used 15819K, capacity 19562K, committed 19624K, reserved 1048576K
Event: 276,895 GC heap after
Heap after GC invocations=64 (full 0):
 garbage-first heap   total 262144K, used 136232K [0x00000000c0000000, 0x00000000c0100800, 0x0000000100000000)
  region size 1024K, 2 young (2048K), 2 survivors (2048K)
 Metaspace       used 132350K, capacity 145764K, committed 145832K, reserved 1175552K
  class space    used 15819K, capacity 19562K, committed 19624K, reserved 1048576K
}
Event: 303,271 GC heap before
{Heap before GC invocations=64 (full 0):
 garbage-first heap   total 262144K, used 231464K [0x00000000c0000000, 0x00000000c0100800, 0x0000000100000000)
  region size 1024K, 95 young (97280K), 2 survivors (2048K)
 Metaspace       used 132544K, capacity 145898K, committed 146088K, reserved 1175552K
  class space    used 15835K, capacity 19601K, committed 19624K, reserved 1048576K
Event: 303,310 GC heap after
Heap after GC invocations=65 (full 0):
 garbage-first heap   total 262144K, used 135235K [0x00000000c0000000, 0x00000000c0100800, 0x0000000100000000)
  region size 1024K, 1 young (1024K), 1 survivors (1024K)
 Metaspace       used 132544K, capacity 145898K, committed 146088K, reserved 1175552K
  class space    used 15835K, capacity 19601K, committed 19624K, reserved 1048576K
}

